<?xml version="1.0" encoding="UTF-8"?>
<testsuite name="br.com.fiap.mslogistica.MslogisticaApplicationTests" tests="1" skipped="0" failures="0" errors="0" timestamp="2024-07-10T00:59:56" hostname="psnbk-629" time="0.314">
  <properties/>
  <testcase name="contextLoads()" classname="br.com.fiap.mslogistica.MslogisticaApplicationTests" time="0.314"/>
  <system-out><![CDATA[21:59:54.238 [Test worker] INFO org.springframework.test.context.support.AnnotationConfigContextLoaderUtils -- Could not detect default configuration classes for test class [br.com.fiap.mslogistica.MslogisticaApplicationTests]: MslogisticaApplicationTests does not declare any static, non-private, non-final, nested classes annotated with @Configuration.
21:59:54.296 [Test worker] INFO org.springframework.boot.test.context.SpringBootTestContextBootstrapper -- Found @SpringBootConfiguration br.com.fiap.mslogistica.MslogisticaApplication for test class br.com.fiap.mslogistica.MslogisticaApplicationTests

  .   ____          _            __ _ _
 /\\ / ___'_ __ _ _(_)_ __  __ _ \ \ \ \
( ( )\___ | '_ | '_| | '_ \/ _` | \ \ \ \
 \\/  ___)| |_)| | | | | || (_| |  ) ) ) )
  '  |____| .__|_| |_|_| |_\__, | / / / /
 =========|_|==============|___/=/_/_/_/

 :: Spring Boot ::                (v3.3.1)

2024-07-09T21:59:54.589-03:00  INFO 195535 --- [mslogistica] [    Test worker] b.c.f.m.MslogisticaApplicationTests      : Starting MslogisticaApplicationTests using Java 17.0.11 with PID 195535 (started by brunoaraujo in /home/brunoaraujo/repos/postech-fiap/ms-logistica)
2024-07-09T21:59:54.591-03:00  INFO 195535 --- [mslogistica] [    Test worker] b.c.f.m.MslogisticaApplicationTests      : No active profile set, falling back to 1 default profile: "default"
2024-07-09T21:59:54.982-03:00  INFO 195535 --- [mslogistica] [    Test worker] .s.d.r.c.RepositoryConfigurationDelegate : Bootstrapping Spring Data JPA repositories in DEFAULT mode.
2024-07-09T21:59:55.010-03:00  INFO 195535 --- [mslogistica] [    Test worker] .s.d.r.c.RepositoryConfigurationDelegate : Finished Spring Data repository scanning in 24 ms. Found 2 JPA repository interfaces.
2024-07-09T21:59:55.243-03:00  INFO 195535 --- [mslogistica] [    Test worker] o.hibernate.jpa.internal.util.LogHelper  : HHH000204: Processing PersistenceUnitInfo [name: default]
2024-07-09T21:59:55.268-03:00  INFO 195535 --- [mslogistica] [    Test worker] org.hibernate.Version                    : HHH000412: Hibernate ORM core version 6.5.2.Final
2024-07-09T21:59:55.286-03:00  INFO 195535 --- [mslogistica] [    Test worker] o.h.c.internal.RegionFactoryInitiator    : HHH000026: Second-level cache disabled
2024-07-09T21:59:55.432-03:00  INFO 195535 --- [mslogistica] [    Test worker] o.s.o.j.p.SpringPersistenceUnitInfo      : No LoadTimeWeaver setup: ignoring JPA class transformer
2024-07-09T21:59:55.445-03:00  INFO 195535 --- [mslogistica] [    Test worker] com.zaxxer.hikari.HikariDataSource       : HikariPool-1 - Starting...
2024-07-09T21:59:55.447-03:00  WARN 195535 --- [mslogistica] [    Test worker] c.zaxxer.hikari.util.DriverDataSource    : Registered driver with driverClassName=com.mysql.jdbc.Driver was not found, trying direct instantiation.
2024-07-09T21:59:55.644-03:00  INFO 195535 --- [mslogistica] [    Test worker] com.zaxxer.hikari.pool.HikariPool        : HikariPool-1 - Added connection com.mysql.cj.jdbc.ConnectionImpl@79b8ecb
2024-07-09T21:59:55.646-03:00  INFO 195535 --- [mslogistica] [    Test worker] com.zaxxer.hikari.HikariDataSource       : HikariPool-1 - Start completed.
2024-07-09T21:59:55.658-03:00  WARN 195535 --- [mslogistica] [    Test worker] org.hibernate.orm.deprecation            : HHH90000025: MySQL8Dialect does not need to be specified explicitly using 'hibernate.dialect' (remove the property setting and it will be selected by default)
2024-07-09T21:59:55.659-03:00  WARN 195535 --- [mslogistica] [    Test worker] org.hibernate.orm.deprecation            : HHH90000026: MySQL8Dialect has been deprecated; use org.hibernate.dialect.MySQLDialect instead
2024-07-09T21:59:56.078-03:00  INFO 195535 --- [mslogistica] [    Test worker] o.h.e.t.j.p.i.JtaPlatformInitiator       : HHH000489: No JTA platform available (set 'hibernate.transaction.jta.platform' to enable JTA platform integration)
2024-07-09T21:59:56.102-03:00  INFO 195535 --- [mslogistica] [    Test worker] j.LocalContainerEntityManagerFactoryBean : Initialized JPA EntityManagerFactory for persistence unit 'default'
2024-07-09T21:59:56.330-03:00  WARN 195535 --- [mslogistica] [    Test worker] JpaBaseConfiguration$JpaWebConfiguration : spring.jpa.open-in-view is enabled by default. Therefore, database queries may be performed during view rendering. Explicitly configure spring.jpa.open-in-view to disable this warning
2024-07-09T21:59:56.637-03:00  INFO 195535 --- [mslogistica] [    Test worker] b.c.f.m.MslogisticaApplicationTests      : Started MslogisticaApplicationTests in 2.262 seconds (process running for 2.834)
]]></system-out>
  <system-err><![CDATA[Loading class `com.mysql.jdbc.Driver'. This is deprecated. The new driver class is `com.mysql.cj.jdbc.Driver'. The driver is automatically registered via the SPI and manual loading of the driver class is generally unnecessary.
]]></system-err>
</testsuite>
